[INFO] Scanning for projects...
[INFO] Inspecting build with total of 1 modules
[INFO] Installing Central Publishing features
[INFO] 
[INFO] ----------< com.brihaspathee.artemis:artemis-common-library >-----------
[INFO] Building artemis-common-library 1.0.4
[INFO] --------------------------------[ jar ]---------------------------------
[INFO] 
[INFO] --- maven-clean-plugin:2.5:clean (default-clean) @ artemis-common-library ---
[INFO] Deleting /Users/balaji/Documents/mac-mini/Projects.nosync/artemis/services/artemis-common-library/target
[INFO] 
[INFO] --- maven-resources-plugin:2.6:resources (default-resources) @ artemis-common-library ---
[INFO] Using 'UTF-8' encoding to copy filtered resources.
[INFO] Copying 0 resource
[INFO] 
[INFO] --- maven-compiler-plugin:3.8.1:compile (default-compile) @ artemis-common-library ---
[INFO] Changes detected - recompiling the module!
[INFO] Compiling 8 source files to /Users/balaji/Documents/mac-mini/Projects.nosync/artemis/services/artemis-common-library/target/classes
[INFO] 
[INFO] --- maven-resources-plugin:2.6:testResources (default-testResources) @ artemis-common-library ---
[INFO] Using 'UTF-8' encoding to copy filtered resources.
[INFO] skip non existing resourceDirectory /Users/balaji/Documents/mac-mini/Projects.nosync/artemis/services/artemis-common-library/src/test/resources
[INFO] 
[INFO] --- maven-compiler-plugin:3.8.1:testCompile (default-testCompile) @ artemis-common-library ---
[INFO] Changes detected - recompiling the module!
[INFO] 
[INFO] --- maven-surefire-plugin:2.12.4:test (default-test) @ artemis-common-library ---
[INFO] 
[INFO] --- maven-jar-plugin:2.4:jar (default-jar) @ artemis-common-library ---
[INFO] Building jar: /Users/balaji/Documents/mac-mini/Projects.nosync/artemis/services/artemis-common-library/target/artemis-common-library-1.0.4.jar
[INFO] 
[INFO] --- maven-source-plugin:3.2.1:jar-no-fork (attach-sources) @ artemis-common-library ---
[INFO] Building jar: /Users/balaji/Documents/mac-mini/Projects.nosync/artemis/services/artemis-common-library/target/artemis-common-library-1.0.4-sources.jar
[INFO] 
[INFO] --- maven-javadoc-plugin:3.3.0:jar (attach-javadocs) @ artemis-common-library ---
[ERROR] Error fetching link: /Users/balaji/Documents/mac-mini/Projects.nosync/artemis/services/artemis-common-library/target/javadoc-bundle-options. Ignored it.
[INFO] No previous run data found, generating javadoc.
[WARNING] Javadoc Warnings
[WARNING] Loading source files for package com.brihaspathee.artemis.dto...
[WARNING] Loading source files for package com.brihaspathee.artemis.dto.auth...
[WARNING] Loading source files for package com.brihaspathee.artemis.dto.resource...
[WARNING] Loading source files for package com.brihaspathee.artemis.web.response...
[WARNING] Loading source files for package com.brihaspathee.artemis.web.exception...
[WARNING] Loading source files for package com.brihaspathee.artemis...
[WARNING] Constructing Javadoc information...
[WARNING] Building index for all the packages and classes...
[WARNING] Standard Doclet version 21.0.3+7-LTS-152
[WARNING] Building tree for all the packages and classes...
[WARNING] /Users/balaji/Documents/mac-mini/Projects.nosync/artemis/services/artemis-common-library/src/main/java/com/brihaspathee/artemis/web/response/ArtemisAPIResponse.java:22: warning: no @param for <E>
[WARNING] public class ArtemisAPIResponse<E> {
[WARNING] ^
[WARNING] Generating /Users/balaji/Documents/mac-mini/Projects.nosync/artemis/services/artemis-common-library/target/apidocs/com/brihaspathee/artemis/web/exception/APIException.html...
[WARNING] /Users/balaji/Documents/mac-mini/Projects.nosync/artemis/services/artemis-common-library/src/main/java/com/brihaspathee/artemis/web/exception/APIException.java:19: warning: use of default constructor, which does not provide a comment
[WARNING] public class APIException {
[WARNING] ^
[WARNING] Generating /Users/balaji/Documents/mac-mini/Projects.nosync/artemis/services/artemis-common-library/target/apidocs/com/brihaspathee/artemis/web/response/ArtemisAPIResponse.html...
[WARNING] /Users/balaji/Documents/mac-mini/Projects.nosync/artemis/services/artemis-common-library/src/main/java/com/brihaspathee/artemis/web/response/ArtemisAPIResponse.java:22: warning: use of default constructor, which does not provide a comment
[WARNING] public class ArtemisAPIResponse<E> {
[WARNING] ^
[WARNING] Generating /Users/balaji/Documents/mac-mini/Projects.nosync/artemis/services/artemis-common-library/target/apidocs/com/brihaspathee/artemis/dto/auth/AuthenticationRequest.html...
[WARNING] /Users/balaji/Documents/mac-mini/Projects.nosync/artemis/services/artemis-common-library/src/main/java/com/brihaspathee/artemis/dto/auth/AuthenticationRequest.java:23: warning: use of default constructor, which does not provide a comment
[WARNING] public class AuthenticationRequest {
[WARNING] ^
[WARNING] Generating /Users/balaji/Documents/mac-mini/Projects.nosync/artemis/services/artemis-common-library/target/apidocs/com/brihaspathee/artemis/dto/auth/AuthenticationResponse.html...
[WARNING] /Users/balaji/Documents/mac-mini/Projects.nosync/artemis/services/artemis-common-library/src/main/java/com/brihaspathee/artemis/dto/auth/AuthenticationResponse.java:19: warning: use of default constructor, which does not provide a comment
[WARNING] public class AuthenticationResponse {
[WARNING] ^
[WARNING] Generating /Users/balaji/Documents/mac-mini/Projects.nosync/artemis/services/artemis-common-library/target/apidocs/com/brihaspathee/artemis/dto/auth/AuthorityDto.html...
[WARNING] /Users/balaji/Documents/mac-mini/Projects.nosync/artemis/services/artemis-common-library/src/main/java/com/brihaspathee/artemis/dto/auth/AuthorityDto.java:22: warning: use of default constructor, which does not provide a comment
[WARNING] public class AuthorityDto {
[WARNING] ^
[WARNING] Generating /Users/balaji/Documents/mac-mini/Projects.nosync/artemis/services/artemis-common-library/target/apidocs/com/brihaspathee/artemis/Main.html...
[WARNING] /Users/balaji/Documents/mac-mini/Projects.nosync/artemis/services/artemis-common-library/src/main/java/com/brihaspathee/artemis/Main.java:12: warning: use of default constructor, which does not provide a comment
[WARNING] public class Main {
[WARNING] ^
[WARNING] /Users/balaji/Documents/mac-mini/Projects.nosync/artemis/services/artemis-common-library/src/main/java/com/brihaspathee/artemis/Main.java:13: warning: no comment
[WARNING] public static void main(String[] args) {
[WARNING] ^
[WARNING] Generating /Users/balaji/Documents/mac-mini/Projects.nosync/artemis/services/artemis-common-library/target/apidocs/com/brihaspathee/artemis/dto/resource/ResourceDto.html...
[WARNING] /Users/balaji/Documents/mac-mini/Projects.nosync/artemis/services/artemis-common-library/src/main/java/com/brihaspathee/artemis/dto/resource/ResourceDto.java:25: warning: use of default constructor, which does not provide a comment
[WARNING] public class ResourceDto {
[WARNING] ^
[WARNING] Generating /Users/balaji/Documents/mac-mini/Projects.nosync/artemis/services/artemis-common-library/target/apidocs/com/brihaspathee/artemis/dto/WelcomeDto.html...
[WARNING] /Users/balaji/Documents/mac-mini/Projects.nosync/artemis/services/artemis-common-library/src/main/java/com/brihaspathee/artemis/dto/WelcomeDto.java:19: warning: use of default constructor, which does not provide a comment
[WARNING] public class WelcomeDto {
[WARNING] ^
[WARNING] Generating /Users/balaji/Documents/mac-mini/Projects.nosync/artemis/services/artemis-common-library/target/apidocs/com/brihaspathee/artemis/package-summary.html...
[WARNING] Generating /Users/balaji/Documents/mac-mini/Projects.nosync/artemis/services/artemis-common-library/target/apidocs/com/brihaspathee/artemis/package-tree.html...
[WARNING] Generating /Users/balaji/Documents/mac-mini/Projects.nosync/artemis/services/artemis-common-library/target/apidocs/com/brihaspathee/artemis/dto/package-summary.html...
[WARNING] Generating /Users/balaji/Documents/mac-mini/Projects.nosync/artemis/services/artemis-common-library/target/apidocs/com/brihaspathee/artemis/dto/package-tree.html...
[WARNING] Generating /Users/balaji/Documents/mac-mini/Projects.nosync/artemis/services/artemis-common-library/target/apidocs/com/brihaspathee/artemis/dto/auth/package-summary.html...
[WARNING] Generating /Users/balaji/Documents/mac-mini/Projects.nosync/artemis/services/artemis-common-library/target/apidocs/com/brihaspathee/artemis/dto/auth/package-tree.html...
[WARNING] Generating /Users/balaji/Documents/mac-mini/Projects.nosync/artemis/services/artemis-common-library/target/apidocs/com/brihaspathee/artemis/dto/resource/package-summary.html...
[WARNING] Generating /Users/balaji/Documents/mac-mini/Projects.nosync/artemis/services/artemis-common-library/target/apidocs/com/brihaspathee/artemis/dto/resource/package-tree.html...
[WARNING] Generating /Users/balaji/Documents/mac-mini/Projects.nosync/artemis/services/artemis-common-library/target/apidocs/com/brihaspathee/artemis/web/exception/package-summary.html...
[WARNING] Generating /Users/balaji/Documents/mac-mini/Projects.nosync/artemis/services/artemis-common-library/target/apidocs/com/brihaspathee/artemis/web/exception/package-tree.html...
[WARNING] Generating /Users/balaji/Documents/mac-mini/Projects.nosync/artemis/services/artemis-common-library/target/apidocs/com/brihaspathee/artemis/web/response/package-summary.html...
[WARNING] Generating /Users/balaji/Documents/mac-mini/Projects.nosync/artemis/services/artemis-common-library/target/apidocs/com/brihaspathee/artemis/web/response/package-tree.html...
[WARNING] Generating /Users/balaji/Documents/mac-mini/Projects.nosync/artemis/services/artemis-common-library/target/apidocs/com/brihaspathee/artemis/dto/class-use/WelcomeDto.html...
[WARNING] Generating /Users/balaji/Documents/mac-mini/Projects.nosync/artemis/services/artemis-common-library/target/apidocs/com/brihaspathee/artemis/dto/auth/class-use/AuthenticationResponse.html...
[WARNING] Generating /Users/balaji/Documents/mac-mini/Projects.nosync/artemis/services/artemis-common-library/target/apidocs/com/brihaspathee/artemis/dto/auth/class-use/AuthenticationRequest.html...
[WARNING] Generating /Users/balaji/Documents/mac-mini/Projects.nosync/artemis/services/artemis-common-library/target/apidocs/com/brihaspathee/artemis/dto/auth/class-use/AuthorityDto.html...
[WARNING] Generating /Users/balaji/Documents/mac-mini/Projects.nosync/artemis/services/artemis-common-library/target/apidocs/com/brihaspathee/artemis/dto/resource/class-use/ResourceDto.html...
[WARNING] Generating /Users/balaji/Documents/mac-mini/Projects.nosync/artemis/services/artemis-common-library/target/apidocs/com/brihaspathee/artemis/web/response/class-use/ArtemisAPIResponse.html...
[WARNING] Generating /Users/balaji/Documents/mac-mini/Projects.nosync/artemis/services/artemis-common-library/target/apidocs/com/brihaspathee/artemis/web/exception/class-use/APIException.html...
[WARNING] Generating /Users/balaji/Documents/mac-mini/Projects.nosync/artemis/services/artemis-common-library/target/apidocs/com/brihaspathee/artemis/class-use/Main.html...
[WARNING] Generating /Users/balaji/Documents/mac-mini/Projects.nosync/artemis/services/artemis-common-library/target/apidocs/com/brihaspathee/artemis/package-use.html...
[WARNING] Generating /Users/balaji/Documents/mac-mini/Projects.nosync/artemis/services/artemis-common-library/target/apidocs/com/brihaspathee/artemis/dto/package-use.html...
[WARNING] Generating /Users/balaji/Documents/mac-mini/Projects.nosync/artemis/services/artemis-common-library/target/apidocs/com/brihaspathee/artemis/dto/auth/package-use.html...
[WARNING] Generating /Users/balaji/Documents/mac-mini/Projects.nosync/artemis/services/artemis-common-library/target/apidocs/com/brihaspathee/artemis/dto/resource/package-use.html...
[WARNING] Generating /Users/balaji/Documents/mac-mini/Projects.nosync/artemis/services/artemis-common-library/target/apidocs/com/brihaspathee/artemis/web/exception/package-use.html...
[WARNING] Generating /Users/balaji/Documents/mac-mini/Projects.nosync/artemis/services/artemis-common-library/target/apidocs/com/brihaspathee/artemis/web/response/package-use.html...
[WARNING] Generating /Users/balaji/Documents/mac-mini/Projects.nosync/artemis/services/artemis-common-library/target/apidocs/overview-tree.html...
[WARNING] Generating /Users/balaji/Documents/mac-mini/Projects.nosync/artemis/services/artemis-common-library/target/apidocs/index.html...
[WARNING] Building index for all classes...
[WARNING] Generating /Users/balaji/Documents/mac-mini/Projects.nosync/artemis/services/artemis-common-library/target/apidocs/allclasses-index.html...
[WARNING] Generating /Users/balaji/Documents/mac-mini/Projects.nosync/artemis/services/artemis-common-library/target/apidocs/allpackages-index.html...
[WARNING] Generating /Users/balaji/Documents/mac-mini/Projects.nosync/artemis/services/artemis-common-library/target/apidocs/index-all.html...
[WARNING] Generating /Users/balaji/Documents/mac-mini/Projects.nosync/artemis/services/artemis-common-library/target/apidocs/search.html...
[WARNING] Generating /Users/balaji/Documents/mac-mini/Projects.nosync/artemis/services/artemis-common-library/target/apidocs/overview-summary.html...
[WARNING] Generating /Users/balaji/Documents/mac-mini/Projects.nosync/artemis/services/artemis-common-library/target/apidocs/help-doc.html...
[WARNING] 10 warnings
[INFO] Building jar: /Users/balaji/Documents/mac-mini/Projects.nosync/artemis/services/artemis-common-library/target/artemis-common-library-1.0.4-javadoc.jar
[INFO] 
[INFO] --- maven-gpg-plugin:1.5:sign (sign-artifacts) @ artemis-common-library ---
[INFO] 
[INFO] --- maven-install-plugin:2.4:install (default-install) @ artemis-common-library ---
[INFO] Installing /Users/balaji/Documents/mac-mini/Projects.nosync/artemis/services/artemis-common-library/target/artemis-common-library-1.0.4.jar to /Users/balaji/.m2/repository/com/brihaspathee/artemis/artemis-common-library/1.0.4/artemis-common-library-1.0.4.jar
[INFO] Installing /Users/balaji/Documents/mac-mini/Projects.nosync/artemis/services/artemis-common-library/pom.xml to /Users/balaji/.m2/repository/com/brihaspathee/artemis/artemis-common-library/1.0.4/artemis-common-library-1.0.4.pom
[INFO] Installing /Users/balaji/Documents/mac-mini/Projects.nosync/artemis/services/artemis-common-library/target/artemis-common-library-1.0.4-sources.jar to /Users/balaji/.m2/repository/com/brihaspathee/artemis/artemis-common-library/1.0.4/artemis-common-library-1.0.4-sources.jar
[INFO] Installing /Users/balaji/Documents/mac-mini/Projects.nosync/artemis/services/artemis-common-library/target/artemis-common-library-1.0.4-javadoc.jar to /Users/balaji/.m2/repository/com/brihaspathee/artemis/artemis-common-library/1.0.4/artemis-common-library-1.0.4-javadoc.jar
[INFO] Installing /Users/balaji/Documents/mac-mini/Projects.nosync/artemis/services/artemis-common-library/target/artemis-common-library-1.0.4.jar.asc to /Users/balaji/.m2/repository/com/brihaspathee/artemis/artemis-common-library/1.0.4/artemis-common-library-1.0.4.jar.asc
[INFO] Installing /Users/balaji/Documents/mac-mini/Projects.nosync/artemis/services/artemis-common-library/target/artemis-common-library-1.0.4.pom.asc to /Users/balaji/.m2/repository/com/brihaspathee/artemis/artemis-common-library/1.0.4/artemis-common-library-1.0.4.pom.asc
[INFO] Installing /Users/balaji/Documents/mac-mini/Projects.nosync/artemis/services/artemis-common-library/target/artemis-common-library-1.0.4-sources.jar.asc to /Users/balaji/.m2/repository/com/brihaspathee/artemis/artemis-common-library/1.0.4/artemis-common-library-1.0.4-sources.jar.asc
[INFO] Installing /Users/balaji/Documents/mac-mini/Projects.nosync/artemis/services/artemis-common-library/target/artemis-common-library-1.0.4-javadoc.jar.asc to /Users/balaji/.m2/repository/com/brihaspathee/artemis/artemis-common-library/1.0.4/artemis-common-library-1.0.4-javadoc.jar.asc
[INFO] 
[INFO] --- central-publishing-maven-plugin:0.6.0:publish (injected-central-publishing) @ artemis-common-library ---
[INFO] Using Central baseUrl: https://central.sonatype.com
[INFO] Using credentials from server id central in settings.xml
[INFO] Using Usertoken auth, with namecode: PxBaSSrO
[INFO] Staging 7 files
[INFO] Staging /Users/balaji/Documents/mac-mini/Projects.nosync/artemis/services/artemis-common-library/target/artemis-common-library-1.0.4.jar
[INFO] Installing /Users/balaji/Documents/mac-mini/Projects.nosync/artemis/services/artemis-common-library/target/artemis-common-library-1.0.4.jar to /Users/balaji/Documents/mac-mini/Projects.nosync/artemis/services/artemis-common-library/target/central-staging/com/brihaspathee/artemis/artemis-common-library/1.0.4/artemis-common-library-1.0.4.jar
[INFO] Installing /Users/balaji/Documents/mac-mini/Projects.nosync/artemis/services/artemis-common-library/pom.xml to /Users/balaji/Documents/mac-mini/Projects.nosync/artemis/services/artemis-common-library/target/central-staging/com/brihaspathee/artemis/artemis-common-library/1.0.4/artemis-common-library-1.0.4.pom
[INFO] Staging /Users/balaji/Documents/mac-mini/Projects.nosync/artemis/services/artemis-common-library/target/artemis-common-library-1.0.4-sources.jar
[INFO] Installing /Users/balaji/Documents/mac-mini/Projects.nosync/artemis/services/artemis-common-library/target/artemis-common-library-1.0.4-sources.jar to /Users/balaji/Documents/mac-mini/Projects.nosync/artemis/services/artemis-common-library/target/central-staging/com/brihaspathee/artemis/artemis-common-library/1.0.4/artemis-common-library-1.0.4-sources.jar
[INFO] Staging /Users/balaji/Documents/mac-mini/Projects.nosync/artemis/services/artemis-common-library/target/artemis-common-library-1.0.4-javadoc.jar
[INFO] Installing /Users/balaji/Documents/mac-mini/Projects.nosync/artemis/services/artemis-common-library/target/artemis-common-library-1.0.4-javadoc.jar to /Users/balaji/Documents/mac-mini/Projects.nosync/artemis/services/artemis-common-library/target/central-staging/com/brihaspathee/artemis/artemis-common-library/1.0.4/artemis-common-library-1.0.4-javadoc.jar
[INFO] Staging /Users/balaji/Documents/mac-mini/Projects.nosync/artemis/services/artemis-common-library/target/artemis-common-library-1.0.4.jar.asc
[INFO] Installing /Users/balaji/Documents/mac-mini/Projects.nosync/artemis/services/artemis-common-library/target/artemis-common-library-1.0.4.jar.asc to /Users/balaji/Documents/mac-mini/Projects.nosync/artemis/services/artemis-common-library/target/central-staging/com/brihaspathee/artemis/artemis-common-library/1.0.4/artemis-common-library-1.0.4.jar.asc
[INFO] Staging /Users/balaji/Documents/mac-mini/Projects.nosync/artemis/services/artemis-common-library/target/artemis-common-library-1.0.4.pom.asc
[INFO] Installing /Users/balaji/Documents/mac-mini/Projects.nosync/artemis/services/artemis-common-library/target/artemis-common-library-1.0.4.pom.asc to /Users/balaji/Documents/mac-mini/Projects.nosync/artemis/services/artemis-common-library/target/central-staging/com/brihaspathee/artemis/artemis-common-library/1.0.4/artemis-common-library-1.0.4.pom.asc
[INFO] Staging /Users/balaji/Documents/mac-mini/Projects.nosync/artemis/services/artemis-common-library/target/artemis-common-library-1.0.4-sources.jar.asc
[INFO] Installing /Users/balaji/Documents/mac-mini/Projects.nosync/artemis/services/artemis-common-library/target/artemis-common-library-1.0.4-sources.jar.asc to /Users/balaji/Documents/mac-mini/Projects.nosync/artemis/services/artemis-common-library/target/central-staging/com/brihaspathee/artemis/artemis-common-library/1.0.4/artemis-common-library-1.0.4-sources.jar.asc
[INFO] Staging /Users/balaji/Documents/mac-mini/Projects.nosync/artemis/services/artemis-common-library/target/artemis-common-library-1.0.4-javadoc.jar.asc
[INFO] Installing /Users/balaji/Documents/mac-mini/Projects.nosync/artemis/services/artemis-common-library/target/artemis-common-library-1.0.4-javadoc.jar.asc to /Users/balaji/Documents/mac-mini/Projects.nosync/artemis/services/artemis-common-library/target/central-staging/com/brihaspathee/artemis/artemis-common-library/1.0.4/artemis-common-library-1.0.4-javadoc.jar.asc
[INFO] Pre Bundling - deleted /Users/balaji/Documents/mac-mini/Projects.nosync/artemis/services/artemis-common-library/target/central-staging/com/brihaspathee/artemis/artemis-common-library/maven-metadata-central-staging.xml
[INFO] Generate checksums for dir: com/brihaspathee/artemis/artemis-common-library/1.0.4
[INFO] Going to create /Users/balaji/Documents/mac-mini/Projects.nosync/artemis/services/artemis-common-library/target/central-publishing/central-bundle.zip by bundling content at /Users/balaji/Documents/mac-mini/Projects.nosync/artemis/services/artemis-common-library/target/central-staging
[INFO] Created bundle successfully /Users/balaji/Documents/mac-mini/Projects.nosync/artemis/services/artemis-common-library/target/central-staging/central-bundle.zip
[INFO] Going to upload /Users/balaji/Documents/mac-mini/Projects.nosync/artemis/services/artemis-common-library/target/central-publishing/central-bundle.zip
[INFO] Uploaded bundle successfully, deployment name: Deployment, deploymentId: f860948e-e866-4c80-b342-8d7e045b726c. Deployment will require manual publishing
[INFO] Waiting until Deployment f860948e-e866-4c80-b342-8d7e045b726c is validated
[INFO] Deployment f860948e-e866-4c80-b342-8d7e045b726c has been validated. To finish publishing visit https://central.sonatype.com/publishing/deployments
[INFO] ------------------------------------------------------------------------
[INFO] BUILD SUCCESS
[INFO] ------------------------------------------------------------------------
[INFO] Total time:  29.197 s
[INFO] Finished at: 2025-04-10T14:13:28-04:00
[INFO] ------------------------------------------------------------------------
